<?xml version="1.0" encoding="UTF-8"?>
<testng-results skipped="0" failed="0" ignored="0" total="4" passed="4">
  <reporter-output>
  </reporter-output>
  <suite name="Default suite" duration-ms="65" started-at="2018-11-21T09:13:38Z" finished-at="2018-11-21T09:13:38Z">
    <groups>
    </groups>
    <test name="Default test" duration-ms="65" started-at="2018-11-21T09:13:38Z" finished-at="2018-11-21T09:13:38Z">
      <class name="test.TestCase">
        <test-method status="PASS" signature="setUp()[pri:0, instance:test.TestCase@68be2bc2]" name="setUp" is-config="true" duration-ms="27" started-at="2018-11-21T09:13:38Z" finished-at="2018-11-21T09:13:38Z">
          <reporter-output>
          </reporter-output>
        </test-method> <!-- setUp -->
        <test-method status="PASS" signature="BeforeMethod()[pri:0, instance:test.TestCase@68be2bc2]" name="BeforeMethod" is-config="true" duration-ms="1" started-at="2018-11-21T09:13:38Z" finished-at="2018-11-21T09:13:38Z">
          <reporter-output>
          </reporter-output>
        </test-method> <!-- BeforeMethod -->
        <test-method status="PASS" signature="add()[pri:0, instance:test.TestCase@68be2bc2]" name="add" duration-ms="4" started-at="2018-11-21T09:13:38Z" finished-at="2018-11-21T09:13:38Z">
          <reporter-output>
          </reporter-output>
        </test-method> <!-- add -->
        <test-method status="PASS" signature="AfterMethod()[pri:0, instance:test.TestCase@68be2bc2]" name="AfterMethod" is-config="true" duration-ms="0" started-at="2018-11-21T09:13:38Z" finished-at="2018-11-21T09:13:38Z">
          <reporter-output>
          </reporter-output>
        </test-method> <!-- AfterMethod -->
        <test-method status="PASS" signature="test1()[pri:0, instance:test.TestCase@68be2bc2]" name="test1" duration-ms="1" started-at="2018-11-21T09:13:38Z" finished-at="2018-11-21T09:13:38Z">
          <reporter-output>
          </reporter-output>
        </test-method> <!-- test1 -->
        <test-method status="PASS" signature="BeforeMethod()[pri:0, instance:test.TestCase@68be2bc2]" name="BeforeMethod" is-config="true" duration-ms="0" started-at="2018-11-21T09:13:38Z" finished-at="2018-11-21T09:13:38Z">
          <reporter-output>
          </reporter-output>
        </test-method> <!-- BeforeMethod -->
        <test-method status="PASS" signature="AfterMethod()[pri:0, instance:test.TestCase@68be2bc2]" name="AfterMethod" is-config="true" duration-ms="0" started-at="2018-11-21T09:13:38Z" finished-at="2018-11-21T09:13:38Z">
          <reporter-output>
          </reporter-output>
        </test-method> <!-- AfterMethod -->
        <test-method status="PASS" signature="BeforeMethod()[pri:0, instance:test.TestCase@68be2bc2]" name="BeforeMethod" is-config="true" duration-ms="1" started-at="2018-11-21T09:13:38Z" finished-at="2018-11-21T09:13:38Z">
          <reporter-output>
          </reporter-output>
        </test-method> <!-- BeforeMethod -->
        <test-method status="PASS" signature="test2()[pri:0, instance:test.TestCase@68be2bc2]" name="test2" duration-ms="1" started-at="2018-11-21T09:13:38Z" finished-at="2018-11-21T09:13:38Z">
          <reporter-output>
          </reporter-output>
        </test-method> <!-- test2 -->
        <test-method status="PASS" signature="test3()[pri:0, instance:test.TestCase@68be2bc2]" name="test3" duration-ms="2" started-at="2018-11-21T09:13:38Z" finished-at="2018-11-21T09:13:38Z">
          <reporter-output>
          </reporter-output>
        </test-method> <!-- test3 -->
        <test-method status="PASS" signature="BeforeMethod()[pri:0, instance:test.TestCase@68be2bc2]" name="BeforeMethod" is-config="true" duration-ms="0" started-at="2018-11-21T09:13:38Z" finished-at="2018-11-21T09:13:38Z">
          <reporter-output>
          </reporter-output>
        </test-method> <!-- BeforeMethod -->
        <test-method status="PASS" signature="AfterMethod()[pri:0, instance:test.TestCase@68be2bc2]" name="AfterMethod" is-config="true" duration-ms="0" started-at="2018-11-21T09:13:38Z" finished-at="2018-11-21T09:13:38Z">
          <reporter-output>
          </reporter-output>
        </test-method> <!-- AfterMethod -->
        <test-method status="PASS" signature="AfterMethod()[pri:0, instance:test.TestCase@68be2bc2]" name="AfterMethod" is-config="true" duration-ms="1" started-at="2018-11-21T09:13:38Z" finished-at="2018-11-21T09:13:38Z">
          <reporter-output>
          </reporter-output>
        </test-method> <!-- AfterMethod -->
        <test-method status="PASS" signature="tearDown()[pri:0, instance:test.TestCase@68be2bc2]" name="tearDown" is-config="true" duration-ms="0" started-at="2018-11-21T09:13:38Z" finished-at="2018-11-21T09:13:38Z">
          <reporter-output>
          </reporter-output>
        </test-method> <!-- tearDown -->
      </class> <!-- test.TestCase -->
    </test> <!-- Default test -->
  </suite> <!-- Default suite -->
</testng-results>
