<?xml version="1.0" encoding="UTF-8"?>
<!-- Generated by org.testng.reporters.JUnitXMLReporter -->
<testsuite hostname="DESKTOP-1RI7EK1" ignored="0" name="Default test" tests="4" failures="0" timestamp="21 十一月 2018 09:13:38 GMT" time="0.065" errors="0">
  <testcase name="add" time="0.004" classname="test.TestCase"/>
  <testcase name="test1" time="0.001" classname="test.TestCase"/>
  <testcase name="test2" time="0.001" classname="test.TestCase"/>
  <testcase name="test3" time="0.002" classname="test.TestCase"/>
</testsuite> <!-- Default test -->
